2023-08-06 08:22:35.278993 - Initialized conversion of CBT909
2023-08-06 08:22:35.386891 - Received CBT.V505.FILE909.PDS from FILE909.XMI 
2023-08-06 08:22:35.389175 - Found $$$#DATE.txt (text/plain) in CBT.V505.FILE909.PDS, moved to PDS/$$$#DATE
2023-08-06 08:22:35.390121 - Found $$NOTE01.txt (text/plain) in CBT.V505.FILE909.PDS, moved to PDS/$$NOTE01
2023-08-06 08:22:35.391154 - Found $$README.txt (text/plain) in CBT.V505.FILE909.PDS, moved to PDS/$$README
2023-08-06 08:22:35.392232 - Found $EXPLAIN.txt (text/plain) in CBT.V505.FILE909.PDS, moved to PDS/$EXPLAIN
2023-08-06 08:22:35.393150 - Found $INSTALL.txt (text/plain) in CBT.V505.FILE909.PDS, moved to PDS/$INSTALL
2023-08-06 08:22:35.394054 - Found $INSTOLV.txt (text/plain) in CBT.V505.FILE909.PDS, moved to PDS/$INSTOLV
2023-08-06 08:22:35.395002 - Found $XMITIC.txt (text/plain) in CBT.V505.FILE909.PDS, moved to PDS/$XMITIC
2023-08-06 08:22:35.395996 - Found @FILE909.txt (text/plain) in CBT.V505.FILE909.PDS, moved to PDS/@FILE909
2023-08-06 08:22:35.396883 - Found BUILDIT.jcl (text/plain) in CBT.V505.FILE909.PDS, moved to PDS/BUILDIT
2023-08-06 08:22:35.397826 - Found BUILDWTR.txt (text/plain) in CBT.V505.FILE909.PDS, moved to PDS/BUILDWTR
2023-08-06 08:22:35.398696 - Found COMMENTS.txt (text/plain) in CBT.V505.FILE909.PDS, moved to PDS/COMMENTS
2023-08-06 08:22:35.399628 - Found DISCLAIM.txt (text/plain) in CBT.V505.FILE909.PDS, moved to PDS/DISCLAIM
2023-08-06 08:22:35.400473 - Found DSINEX04.jcl (text/plain) in CBT.V505.FILE909.PDS, moved to PDS/DSINEX04
2023-08-06 08:22:35.401329 - Found GSMAIL1I.txt (text/plain) in CBT.V505.FILE909.PDS, moved to PDS/GSMAIL1I
2023-08-06 08:22:35.402319 - Found IEF176I.txt (text/plain) in CBT.V505.FILE909.PDS, moved to PDS/IEF176I
2023-08-06 08:22:35.403306 - Found IEF302A.txt (text/plain) in CBT.V505.FILE909.PDS, moved to PDS/IEF302A
2023-08-06 08:22:35.404218 - Found MAILIT.jcl (text/plain) in CBT.V505.FILE909.PDS, moved to PDS/MAILIT
2023-08-06 08:22:35.405104 - Found OLVSETUP.txt (text/plain) in CBT.V505.FILE909.PDS, moved to PDS/OLVSETUP
2023-08-06 08:22:35.406062 - Found OLVSETU2.txt (text/plain) in CBT.V505.FILE909.PDS, moved to PDS/OLVSETU2
2023-08-06 08:22:35.406971 - Found OLVUSER.txt (text/plain) in CBT.V505.FILE909.PDS, moved to PDS/OLVUSER
2023-08-06 08:22:35.407926 - Found RECPMAIL.txt (text/plain) in CBT.V505.FILE909.PDS, moved to PDS/RECPMAIL
